BACI System: C-- to PCODE Compiler, 12:29  18 Jul 2004
Source file: E:\jBACI_Projects\FiestaHabitacionSemaforosGrafico\FiestaHabitacionSemaforos-1.cm  Fri May 29 15:13:16 2020
 line  pc
   1    0  #include "gdefs.cm"
>   1    0  // Constants for jBACI graphcs
>   2    0  const
>   3    0     int RED   = 1; int BLACK   = 2; int BLUE  = 3; int YELLOW = 4;
>   4    0     int GREEN = 5; int MAGENTA = 6; int WHITE = 7;
>   5    0     int CIRCLE = 1; int LINE = 2; int RECTANGLE = 3; int TRIANGLE = 4;
>   6    0  
Returning to file E:\jBACI_Projects\FiestaHabitacionSemaforosGrafico\FiestaHabitacionSemaforos-1.cm
   2    0  semaphore s1 = 1;
   3    0  semaphore s2 = 1;
   4    0  semaphore s3 = 0;
   5    0  semaphore s4 = 0;
   6    0  
   7    0  int estudiantesEnHabitacion = 0;
   8    0  int i = 1;
   9    0  int k;
  10    0     const int tamy=80;
  11    0     const int tamx=40;
  12    0     int posx=25;
  13    0     int posy=0;
  14    0     int pos2x=25;
  15    0     const int sumax=10;
  16    0     const int y = 190;
  17    0     const int L=10;
  18    0  void estudiante(int id){
  19    0  	wait(s1);
  20    2  	estudiantesEnHabitacion++;
  21    7  	cout << "El estudiante" << id << " entra a la Habitacion" << endl;
  22   12                  create(id,RECTANGLE,BLACK,posx,y,tamx/2,tamy);
  23   22                  create(2000+id,CIRCLE,BLACK,posx,y-20,tamx/2,tamy);
  24   36                  posx= posx + (tamx /2)+sumax;
  25   45                   if((estudiantesEnHabitacion > L) ){
  26   49                           changecolor(id,RED);
  27   52                           changecolor(id+2000,RED);}
  28   57  	cout << "Habitacion: " << estudiantesEnHabitacion << " estudiantes" << endl << endl;
  29   63  	signal(s1);
  30   65   
  31   65  	wait(s3);
  32   67  	estudiantesEnHabitacion--;
  33   72  	cout << "El estudiante" << id << " sale de la habitacion" << endl;
  34   77  	cout << "Habitacion: " << estudiantesEnHabitacion << " estudiantes" << endl << endl;
  35   83                             changecolor(id,WHITE);
  36   86                             changecolor(id+2000,WHITE);
  37   91  	if((estudiantesEnHabitacion == 0) && (i == 0)){
  38   99  		signal(s4);
  39  101  	}
  40  101  	signal(s3);
  41  103  }
  42  104  
  43  104  void adminAlbergue(int id){
  44  104        create(id,RECTANGLE,BLUE,pos2x,40,40,90);
  45  112        create(id+100,CIRCLE,BLUE,pos2x,0,40,0);
  46  122          pos2x=pos2x + 60;   
  47  127  	while(i){
  48  129  		wait(s1);
  49  131  
  50  131             
  51  131  		if(estudiantesEnHabitacion == 0){
  52  135  			wait(s2);
  53  137               create(id,RECTANGLE,GREEN,100,315,40,90);
  54  145               create(id+100,CIRCLE,GREEN,100,275,40,0);
  55  155  			cout << "El administrador" << id << " realiza una busqueda en la habitacion"<< endl;
  56  160               create(id,RECTANGLE,YELLOW,100,315,40,90);
  57  168               create(id+100,CIRCLE,YELLOW,100,275,40,0);
  58  178  			cout << "El administrador" << id << " sale de la habitacion" << endl << endl;
  59  184               changecolor(id,BLUE);
  60  187               changecolor(id+100,BLUE);
  61  192  			signal(s2);
  62  194  			signal(s1);
  63  196  		}else if(estudiantesEnHabitacion > 10){
  64  201  			wait(s2);
  65  203  			signal(s3);
  66  205                    create(id,RECTANGLE,GREEN,100,315,40,90);
  67  213                    create(id+100,CIRCLE,GREEN,100,275,40,0);
  68  223                    create(id,RECTANGLE,YELLOW,100,315,40,90);
  69  231                    create(id+100,CIRCLE,YELLOW,100,275,40,0);
  70  241  			cout << "El administrador" << id << " termina la fiesta en la habitacion" << endl << endl;
  71  247                    create(id,RECTANGLE,RED,100,315,40,90);
  72  255                    create(id+100,CIRCLE,RED,100,275,40,0); 
  73  265  			i = 0;
  74  268  			wait(s4);
  75  270  			cout << "El administrador" << id << " sale de la habitacion" << endl << endl;
  76  276                    changecolor(id,BLUE);
  77  279                    changecolor(id+100,BLUE);
  78  284  			signal(s2);
  79  286  			exit(0);
  80  287  		}else{
  81  288  			signal(s1);
  82  290  		}
  83  290  	}
  84  291  	
  85  291  }
  86  292  
  87  292  void main(){
  88  293       create(100,RECTANGLE,MAGENTA,0,145,600,15);
  89  301       create(103,RECTANGLE,MAGENTA,0,145,15,480);   
  90  309  	cobegin{
  91  310  		adminAlbergue(1);
  92  314                  estudiante(1);
  93  318  		estudiante(2);
  94  322  		estudiante(3);
  95  326  		estudiante(4);
  96  330  		estudiante(5);
  97  334  		/*estudiante(6);
  98  334  		estudiante(7);
  99  334  		estudiante(8);
 100  334  		estudiante(9);
 101  334  		estudiante(10);
 102  334  		estudiante(11);
 103  334  		estudiante(12);
 104  334  		estudiante(13);
 105  334  		estudiante(14);
 106  334  		estudiante(15);
 107  334  		estudiante(16);
 108  334  		estudiante(17);
 109  334  		estudiante(18);
 110  334  		estudiante(19);
 111  334  		estudiante(20);  */    
 112  334  		
 113  334  		
 114  334  	}
 115  335  }
