BACI System: C-- to PCODE Compiler, 12:29  18 Jul 2004
Source file: E:\jBACI_Projects\Prueba.cm  Sat May 23 23:08:23 2020
 line  pc
   1    0  int total = 0;
   2    0  
   3    0  void suma10(){
   4    0  	int i;
   5    0  	for(i = 1; i <= 10; i++){
   6   14  		cout << which_proc();
   7   16  		total = total + 1;
   8   21  	}
   9   22  }
  10   23  
  11   23  void main(){
  12   24  	cobegin{
  13   25  		suma10();
  14   28  		suma10();
  15   31  	}
  16   32  	cout << endl << "Suma = " << total << endl;
  17   37  }
