BACI System: C-- to PCODE Compiler, 12:29  18 Jul 2004
Source file: E:\jBACI_Projects\ArquerosJugadores.cm  Sun May 24 14:02:10 2020
 line  pc
   1    0  semaphore Arquero = 0;
   2    0  semaphore Jugador = 1;
   3    0  int i;
   4    0  
   5    0  void jugador(int ID){
   6    0  	wait(Jugador);
   7    2  	cout << "Jugador" << ID << " ejecuta penal" << endl;
   8    7  	signal(Arquero);
   9    9  }
  10   10  
  11   10  void arquero(int ID){
  12   10  	wait(Arquero);
  13   12  	i = random(2);
  14   16  	if(i == 0){
  15   20  		cout << "	Arquero" << ID << " ATAJA el penal" << endl;
  16   25  	}else{
  17   26  		cout << "	Arquero" << ID << " se lanza y GOOOL" << endl;
  18   31  	}
  19   31  	signal(Jugador);
  20   33  	cout << endl;
  21   34  }
  22   35  
  23   35  void main(){
  24   36  	cobegin{
  25   37  		jugador(1);
  26   41  		jugador(2);
  27   45  		jugador(3);
  28   49  		jugador(4);
  29   53  		jugador(5);
  30   57  		arquero(6);
  31   61  		arquero(7);
  32   65  		arquero(8);
  33   69  		arquero(9);
  34   73  		arquero(10);
  35   77  	}
  36   78  }
